To honour the JVM settings for this build a single-use Daemon process will be forked. For more on this, please refer to https://docs.gradle.org/8.13/userguide/gradle_daemon.html#sec:disabling_the_daemon in the Gradle documentation.
Daemon will be stopped at the end of the build 
Warning: SDK processing. This version only understands SDK XML versions up to 3 but an SDK XML file of version 4 was encountered. This can happen if you use versions of Android Studio and the command-line tools that were released at different times.
> Task :app:preBuild UP-TO-DATE
> Task :app:preDebugBuild UP-TO-DATE
> Task :app:mergeDebugNativeDebugMetadata NO-SOURCE
> Task :app:checkKotlinGradlePluginConfigurationErrors
> Task :app:checkDebugAarMetadata UP-TO-DATE
> Task :app:generateDebugResValues UP-TO-DATE
> Task :app:mapDebugSourceSetPaths UP-TO-DATE
> Task :app:generateDebugResources UP-TO-DATE
> Task :app:mergeDebugResources UP-TO-DATE
> Task :app:packageDebugResources UP-TO-DATE
> Task :app:parseDebugLocalResources UP-TO-DATE
> Task :app:createDebugCompatibleScreenManifests UP-TO-DATE
> Task :app:extractDeepLinksDebug UP-TO-DATE
> Task :app:processDebugMainManifest UP-TO-DATE
> Task :app:processDebugManifest UP-TO-DATE
> Task :app:javaPreCompileDebug UP-TO-DATE
> Task :app:mergeDebugShaders UP-TO-DATE
> Task :app:compileDebugShaders NO-SOURCE
> Task :app:generateDebugAssets UP-TO-DATE
> Task :app:mergeDebugAssets UP-TO-DATE
> Task :app:compressDebugAssets UP-TO-DATE
> Task :app:checkDebugDuplicateClasses UP-TO-DATE
> Task :app:desugarDebugFileDependencies UP-TO-DATE
> Task :app:processDebugManifestForPackage
> Task :app:mergeExtDexDebug
> Task :app:mergeDebugJniLibFolders UP-TO-DATE
> Task :app:mergeDebugNativeLibs NO-SOURCE
> Task :app:stripDebugDebugSymbols NO-SOURCE
> Task :app:validateSigningDebug UP-TO-DATE
> Task :app:mergeLibDexDebug
> Task :app:writeDebugAppMetadata UP-TO-DATE
> Task :app:writeDebugSigningConfigVersions UP-TO-DATE
> Task :app:processDebugResources UP-TO-DATE
> Task :app:kspDebugKotlin

> Task :app:compileDebugKotlin
w: file:///home/jeremia/Projects/job_card_management/app/src/main/java/com/metroair/job_card_management/ui/dashboard/DashboardScreen.kt:65:42 'Assignment: ImageVector' is deprecated. Use the AutoMirrored version at Icons.AutoMirrored.Filled.Assignment
w: file:///home/jeremia/Projects/job_card_management/app/src/main/java/com/metroair/job_card_management/ui/dashboard/DashboardViewModel.kt:39:17 Variable 'today' is never used
w: file:///home/jeremia/Projects/job_card_management/app/src/main/java/com/metroair/job_card_management/ui/jobs/JobsScreen.kt:24:5 Parameter 'navController' is never used
w: file:///home/jeremia/Projects/job_card_management/app/src/main/java/com/metroair/job_card_management/ui/jobs/JobsScreen.kt:241:48 'Note: ImageVector' is deprecated. Use the AutoMirrored version at Icons.AutoMirrored.Filled.Note
w: file:///home/jeremia/Projects/job_card_management/app/src/main/java/com/metroair/job_card_management/ui/settings/SettingsScreen.kt:50:21 'Divider(Modifier = ..., Dp = ..., Color = ...): Unit' is deprecated. Renamed to HorizontalDivider
w: file:///home/jeremia/Projects/job_card_management/app/src/main/java/com/metroair/job_card_management/ui/settings/SettingsScreen.kt:114:21 'Divider(Modifier = ..., Dp = ..., Color = ...): Unit' is deprecated. Renamed to HorizontalDivider
w: file:///home/jeremia/Projects/job_card_management/app/src/main/java/com/metroair/job_card_management/ui/settings/SettingsScreen.kt:131:21 'Divider(Modifier = ..., Dp = ..., Color = ...): Unit' is deprecated. Renamed to HorizontalDivider
w: file:///home/jeremia/Projects/job_card_management/app/src/main/java/com/metroair/job_card_management/ui/settings/SettingsScreen.kt:165:21 'Divider(Modifier = ..., Dp = ..., Color = ...): Unit' is deprecated. Renamed to HorizontalDivider
w: file:///home/jeremia/Projects/job_card_management/app/src/main/java/com/metroair/job_card_management/ui/settings/SettingsScreen.kt:171:48 'HelpOutline: ImageVector' is deprecated. Use the AutoMirrored version at Icons.AutoMirrored.Filled.HelpOutline
w: file:///home/jeremia/Projects/job_card_management/app/src/main/java/com/metroair/job_card_management/ui/settings/SettingsScreen.kt:176:21 'Divider(Modifier = ..., Dp = ..., Color = ...): Unit' is deprecated. Renamed to HorizontalDivider
w: file:///home/jeremia/Projects/job_card_management/app/src/main/java/com/metroair/job_card_management/ui/settings/SettingsScreen.kt:187:21 'Divider(Modifier = ..., Dp = ..., Color = ...): Unit' is deprecated. Renamed to HorizontalDivider
w: file:///home/jeremia/Projects/job_card_management/app/src/main/java/com/metroair/job_card_management/ui/settings/SettingsScreen.kt:224:43 'Logout: ImageVector' is deprecated. Use the AutoMirrored version at Icons.AutoMirrored.Filled.Logout

> Task :app:compileDebugJavaWithJavac
warning: [options] source value 8 is obsolete and will be removed in a future release
warning: [options] target value 8 is obsolete and will be removed in a future release
warning: [options] To suppress warnings about obsolete options, use -Xlint:-options.
3 warnings

> Task :app:hiltAggregateDepsDebug

> Task :app:hiltJavaCompileDebug
warning: [options] source value 8 is obsolete and will be removed in a future release
warning: [options] target value 8 is obsolete and will be removed in a future release
warning: [options] To suppress warnings about obsolete options, use -Xlint:-options.
3 warnings

> Task :app:processDebugJavaRes
> Task :app:transformDebugClassesWithAsm
> Task :app:dexBuilderDebug
> Task :app:mergeProjectDexDebug
> Task :app:mergeDebugJavaResource
> Task :app:packageDebug
> Task :app:createDebugApkListingFileRedirect
> Task :app:assembleDebug

[Incubating] Problems report is available at: file:///home/jeremia/Projects/job_card_management/build/reports/problems/problems-report.html

Deprecated Gradle features were used in this build, making it incompatible with Gradle 9.0.

You can use '--warning-mode all' to show the individual deprecation warnings and determine if they come from your own scripts or plugins.

For more on this, please refer to https://docs.gradle.org/8.13/userguide/command_line_interface.html#sec:command_line_warnings in the Gradle documentation.

BUILD SUCCESSFUL in 3m 8s
37 actionable tasks: 16 executed, 21 up-to-date
